<?xml version="1.0" encoding="UTF-8"?>
<testng-results ignored="0" total="1" passed="1" failed="0" skipped="0">
  <reporter-output>
  </reporter-output>
  <suite started-at="2024-03-16T17:04:58 EDT" name="Default suite" finished-at="2024-03-16T17:05:09 EDT" duration-ms="10530">
    <groups>
    </groups>
    <test started-at="2024-03-16T17:04:58 EDT" name="Default test" finished-at="2024-03-16T17:05:09 EDT" duration-ms="10530">
      <class name="ExcelHandsOn.ExportAndImportExcelValidations">
        <test-method signature="ExcelPractise()[pri:0, instance:ExcelHandsOn.ExportAndImportExcelValidations@158d2680]" started-at="2024-03-16T17:04:58 EDT" name="ExcelPractise" finished-at="2024-03-16T17:05:09 EDT" duration-ms="10503" status="PASS">
          <reporter-output>
          </reporter-output>
        </test-method> <!-- ExcelPractise -->
      </class> <!-- ExcelHandsOn.ExportAndImportExcelValidations -->
    </test> <!-- Default test -->
  </suite> <!-- Default suite -->
</testng-results>
